<?xml version="1.0" encoding="UTF-8"?>
<!-- Generated by org.testng.reporters.JUnitXMLReporter -->
<testsuite ignored="0" hostname="DESKTOP-PA5GVIV" failures="1" tests="4" name="Test" time="40.171" errors="0" timestamp="2022-12-11T20:49:36 PST">
  <testcase classname="com.mytestngday22.AutomationScripts2" name="JavaTestParallelMethod1" time="8.564">
    <failure type="java.lang.AssertionError" message="The following asserts failed:
	expected [Google1] but found [Login | Salesforce]">
      <![CDATA[java.lang.AssertionError: The following asserts failed:
expected [Google1] but found [Login | Salesforce]
at com.mytestngday22.AutomationScripts2.JavaTestParallelMethod1(AutomationScripts2.java:29)
at java.base/java.util.ArrayList.forEach(ArrayList.java:1511)
... Removed 29 stack frames]]>
    </failure>
  </testcase> <!-- JavaTestParallelMethod1 -->
  <testcase classname="com.mytestngday22.AutomationScripts2" name="JavaTestParallelMethod2" time="8.465"/>
  <testcase classname="com.mytestngday22.AutomationScript3" name="JavaTestParallelMethod1" time="11.311"/>
  <testcase classname="com.mytestngday22.AutomationScript3" name="JavaTestParallelMethod2" time="11.757"/>
</testsuite> <!-- Test -->
